npm error code ERESOLVE
npm error ERESOLVE unable to resolve dependency tree
npm error
npm error While resolving: launch-intelligence-frontend@0.1.0
npm error Found: react@undefined
npm error node_modules/react
npm error   react@"^18.3.1" from the root project
npm error
npm error Could not resolve dependency:
npm error peer react@"^18.3.1" from react-dom@18.3.1
npm error node_modules/react-dom
npm error   react-dom@"^18.3.1" from the root project
npm error
npm error Fix the upstream dependency conflict, or retry
npm error this command with --force or --legacy-peer-deps
npm error to accept an incorrect (and potentially broken) dependency resolution.
npm error
npm error
npm error For a full report see:
npm error C:\Users\lilia\AppData\Local\npm-cache\_logs\2026-07-10T18_42_35_523Z-eresolve-report.txt
npm error A complete log of this run can be found in: C:\Users\lilia\AppData\Local\npm-cache\_logs\2026-07-10T18_42_35_523Z-debug-0.log
