
> launch-intelligence-frontend@0.1.0 dev
> vite


  [32m[1mVITE[22m v5.4.21[39m  [2mready in [0m[1m404[22m[2m[0m ms[22m

  [32m➜[39m  [1mLocal[22m:   [36mhttp://127.0.0.1:[1m5173[22m/[39m
[2m  [32m➜[39m  [1mNetwork[22m[2m: use [22m[1m--host[22m[2m to expose[22m
[2m4:21:22 PM[22m [36m[1m[vite][22m[39m [32mhmr update [39m[2m/src/components/Login.tsx, /src/pages/SearchPage.tsx, /src/pages/HistoryPage.tsx, /src/pages/DocumentsPage.tsx[22m
[2m4:21:32 PM[22m [36m[1m[vite][22m[39m [32mhmr update [39m[2m/src/pages/SearchPage.tsx[22m
[2m4:21:42 PM[22m [36m[1m[vite][22m[39m [32mhmr update [39m[2m/src/pages/SearchPage.tsx[22m
[2m4:21:50 PM[22m [36m[1m[vite][22m[39m [32mhmr update [39m[2m/src/pages/SearchPage.tsx[22m
[2m4:22:12 PM[22m [36m[1m[vite][22m[39m [32mhmr update [39m[2m/src/styles.css[22m
[2m5:56:46 PM[22m [36m[1m[vite][22m[39m [32mhmr update [39m[2m/src/components/Login.tsx, /src/pages/SearchPage.tsx, /src/pages/HistoryPage.tsx, /src/pages/DocumentsPage.tsx[22m
[2m5:57:08 PM[22m [36m[1m[vite][22m[39m [32mhmr update [39m[2m/src/pages/DocumentsPage.tsx[22m
[2m5:57:16 PM[22m [36m[1m[vite][22m[39m [32mhmr update [39m[2m/src/pages/DocumentsPage.tsx[22m
[2m5:57:26 PM[22m [36m[1m[vite][22m[39m [32mhmr update [39m[2m/src/styles.css[22m
[2m2:13:20 AM[22m [36m[1m[vite][22m[39m [32mhmr update [39m[2m/src/components/Login.tsx, /src/pages/SearchPage.tsx, /src/pages/HistoryPage.tsx, /src/pages/DocumentsPage.tsx[22m
[2m2:14:17 AM[22m [36m[1m[vite][22m[39m [32mhmr update [39m[2m/src/pages/SearchPage.tsx[22m
[2m2:15:25 AM[22m [31m[1m[vite][22m[39m [31mhttp proxy error: /documents?limit=20&offset=0[39m
AggregateError [ECONNREFUSED]: 
    at internalConnectMultiple (node:net:1118:18)
    at afterConnectMultiple (node:net:1685:7)
[2m2:15:25 AM[22m [31m[1m[vite][22m[39m [31mhttp proxy error: /documents?limit=20&offset=0[39m
AggregateError [ECONNREFUSED]: 
    at internalConnectMultiple (node:net:1118:18)
    at afterConnectMultiple (node:net:1685:7)
[2m2:15:29 AM[22m [31m[1m[vite][22m[39m [31mhttp proxy error: [39m
AggregateError [ECONNREFUSED]: 
    at internalConnectMultiple (node:net:1118:18)
    at afterConnectMultiple (node:net:1685:7)
[2m2:15:38 AM[22m [31m[1m[vite][22m[39m [31mhttp proxy error: [39m
AggregateError [ECONNREFUSED]: 
    at internalConnectMultiple (node:net:1118:18)
    at afterConnectMultiple (node:net:1685:7)
[2m2:15:42 AM[22m [31m[1m[vite][22m[39m [31mhttp proxy error: /documents?limit=20&offset=0[39m
AggregateError [ECONNREFUSED]: 
    at internalConnectMultiple (node:net:1118:18)
    at afterConnectMultiple (node:net:1685:7)
[2m2:15:42 AM[22m [31m[1m[vite][22m[39m [31mhttp proxy error: /documents?limit=20&offset=0[39m
AggregateError [ECONNREFUSED]: 
    at internalConnectMultiple (node:net:1118:18)
    at afterConnectMultiple (node:net:1685:7)
[2m2:16:37 AM[22m [31m[1m[vite][22m[39m [31mhttp proxy error: /documents?limit=20&offset=0[39m
AggregateError [ECONNREFUSED]: 
    at internalConnectMultiple (node:net:1118:18)
    at afterConnectMultiple (node:net:1685:7)
[2m2:16:37 AM[22m [31m[1m[vite][22m[39m [31mhttp proxy error: /documents?limit=20&offset=0[39m
AggregateError [ECONNREFUSED]: 
    at internalConnectMultiple (node:net:1118:18)
    at afterConnectMultiple (node:net:1685:7)
[2m2:16:39 AM[22m [36m[1m[vite][22m[39m [32mhmr update [39m[2m/src/styles.css[22m
[2m2:16:46 AM[22m [31m[1m[vite][22m[39m [31mhttp proxy error: /docs[39m
AggregateError [ECONNREFUSED]: 
    at internalConnectMultiple (node:net:1118:18)
    at afterConnectMultiple (node:net:1685:7)
[2m2:16:48 AM[22m [31m[1m[vite][22m[39m [31mhttp proxy error: /docs[39m
AggregateError [ECONNREFUSED]: 
    at internalConnectMultiple (node:net:1118:18)
    at afterConnectMultiple (node:net:1685:7)
[2m6:16:42 PM[22m [36m[1m[vite][22m[39m [32mhmr update [39m[2m/src/components/Login.tsx, /src/pages/SearchPage.tsx, /src/pages/HistoryPage.tsx, /src/pages/DocumentsPage.tsx[22m
[2m6:16:51 PM[22m [36m[1m[vite][22m[39m [32mhmr update [39m[2m/src/components/Login.tsx, /src/pages/SearchPage.tsx, /src/pages/HistoryPage.tsx, /src/pages/DocumentsPage.tsx[22m
[2m6:18:45 PM[22m [36m[1m[vite][22m[39m [32mhmr update [39m[2m/src/pages/DocumentsPage.tsx[22m
[2m6:19:19 PM[22m [36m[1m[vite][22m[39m [32mhmr update [39m[2m/src/pages/DocumentsPage.tsx[22m
[2m6:20:04 PM[22m [36m[1m[vite][22m[39m [32mhmr update [39m[2m/src/pages/DocumentsPage.tsx[22m
[2m6:20:41 PM[22m [36m[1m[vite][22m[39m [32mhmr update [39m[2m/src/styles.css[22m
[2m6:21:14 PM[22m [36m[1m[vite][22m[39m [32mhmr update [39m[2m/src/pages/SearchPage.tsx[22m
[2m6:22:23 PM[22m [36m[1m[vite][22m[39m [32mhmr update [39m[2m/src/pages/HistoryPage.tsx[22m
[2m6:22:25 PM[22m [36m[1m[vite][22m[39m [32mhmr update [39m[2m/src/pages/HistoryPage.tsx[22m
[2m6:22:33 PM[22m [36m[1m[vite][22m[39m [32mhmr update [39m[2m/src/pages/HistoryPage.tsx[22m
[2m6:23:04 PM[22m [36m[1m[vite][22m[39m [32mhmr update [39m[2m/src/pages/HistoryPage.tsx[22m
[2m6:23:20 PM[22m [36m[1m[vite][22m[39m [32mhmr update [39m[2m/src/pages/HistoryPage.tsx[22m
[2m6:24:25 PM[22m [36m[1m[vite][22m[39m [32mhmr update [39m[2m/src/App.tsx[22m
[2m6:25:50 PM[22m [36m[1m[vite][22m[39m [32mhmr update [39m[2m/src/styles.css[22m
[2m5:43:24 PM[22m [36m[1m[vite][22m[39m [32mhmr update [39m[2m/src/components/Login.tsx, /src/pages/SearchPage.tsx, /src/pages/HistoryPage.tsx, /src/pages/DocumentsPage.tsx[22m
[2m5:43:24 PM[22m [36m[1m[vite][22m[39m [32mhmr update [39m[2m/src/components/Login.tsx, /src/pages/SearchPage.tsx, /src/pages/HistoryPage.tsx, /src/pages/DocumentsPage.tsx[22m
[2m5:43:37 PM[22m [36m[1m[vite][22m[39m [32mhmr update [39m[2m/src/components/Login.tsx, /src/pages/SearchPage.tsx, /src/pages/HistoryPage.tsx, /src/pages/DocumentsPage.tsx[22m
[2m5:44:30 PM[22m [36m[1m[vite][22m[39m [32mhmr update [39m[2m/src/App.tsx[22m
[2m5:44:38 PM[22m [36m[1m[vite][22m[39m [32mhmr update [39m[2m/src/pages/DocumentsPage.tsx[22m
[2m5:44:40 PM[22m [36m[1m[vite][22m[39m [32mhmr update [39m[2m/src/pages/DocumentsPage.tsx[22m
[2m5:44:47 PM[22m [36m[1m[vite][22m[39m [32mhmr update [39m[2m/src/pages/DocumentsPage.tsx[22m
[2m5:45:02 PM[22m [36m[1m[vite][22m[39m [32mhmr update [39m[2m/src/styles.css[22m
